<?xml version="1.0" encoding="UTF-8"?>
<testng-results skipped="0" failed="0" ignored="0" total="1" passed="1">
    <reporter-output>
    </reporter-output>
    <suite name="Default suite" duration-ms="1213" started-at="2019-02-24T06:01:58Z" finished-at="2019-02-24T06:01:59Z">
        <groups>
        </groups>
        <test name="Default test" duration-ms="1213" started-at="2019-02-24T06:01:58Z"
              finished-at="2019-02-24T06:01:59Z">
            <class name="com.yskj.apitest.ApiTest1">
                <test-method status="PASS" signature="setUp()[pri:0, instance:com.yskj.apitest.ApiTest1@520a3426]"
                             name="setUp" is-config="true" duration-ms="809" started-at="2019-02-24T14:01:58Z"
                             finished-at="2019-02-24T14:01:59Z">
                    <reporter-output>
                    </reporter-output>
                </test-method> <!-- setUp -->
                <test-method status="PASS"
                             signature="userQueryWithRegTest3()[pri:0, instance:com.yskj.apitest.ApiTest1@520a3426]"
                             name="userQueryWithRegTest3" duration-ms="378" started-at="2019-02-24T14:01:59Z"
                             finished-at="2019-02-24T14:01:59Z">
                    <reporter-output>
                    </reporter-output>
                </test-method> <!-- userQueryWithRegTest3 -->
                <test-method status="PASS" signature="terDown()[pri:0, instance:com.yskj.apitest.ApiTest1@520a3426]"
                             name="terDown" is-config="true" duration-ms="2" started-at="2019-02-24T14:01:59Z"
                             finished-at="2019-02-24T14:01:59Z">
                    <reporter-output>
                    </reporter-output>
                </test-method> <!-- terDown -->
            </class> <!-- com.yskj.apitest.ApiTest1 -->
        </test> <!-- Default test -->
    </suite> <!-- Default suite -->
</testng-results>
